[debug] [2022-09-17T23:57:22.734Z] ----------------------------------------------------------------------
[debug] [2022-09-17T23:57:22.738Z] Command:       C:\Program Files\nodejs\node.exe C:\Users\Admin\AppData\Roaming\npm\node_modules\firebase-tools\lib\bin\firebase.js init
[debug] [2022-09-17T23:57:22.739Z] CLI Version:   11.0.1
[debug] [2022-09-17T23:57:22.739Z] Platform:      win32
[debug] [2022-09-17T23:57:22.739Z] Node Version:  v18.2.0
[debug] [2022-09-17T23:57:22.740Z] Time:          Sun Sep 18 2022 06:57:22 GMT+0700 (Indochina Time)
[debug] [2022-09-17T23:57:22.741Z] ----------------------------------------------------------------------
[debug] 
[debug] [2022-09-17T23:57:22.750Z] > command requires scopes: ["email","openid","https://www.googleapis.com/auth/cloudplatformprojects.readonly","https://www.googleapis.com/auth/firebase","https://www.googleapis.com/auth/cloud-platform"]
[debug] [2022-09-17T23:57:22.750Z] > authorizing via signed-in user (naoc.trungtam@gmail.com)
[info] 
     ######## #### ########  ######## ########     ###     ######  ########
     ##        ##  ##     ## ##       ##     ##  ##   ##  ##       ##
     ######    ##  ########  ######   ########  #########  ######  ######
     ##        ##  ##    ##  ##       ##     ## ##     ##       ## ##
     ##       #### ##     ## ######## ########  ##     ##  ######  ########

You're about to initialize a Firebase project in this directory:

  D:\GitHub\NaocReport

[info] 
=== Project Setup
[info] 
[info] First, let's associate this project directory with a Firebase project.
[info] You can create multiple project aliases by running firebase use --add, 
[info] but for now we'll just set up a default project.
[info] 
[debug] [2022-09-17T23:57:45.548Z] >>> [apiv2][query] GET https://firebase.googleapis.com/v1beta1/projects pageSize=100
[debug] [2022-09-17T23:57:46.313Z] <<< [apiv2][status] GET https://firebase.googleapis.com/v1beta1/projects 200
[debug] [2022-09-17T23:57:46.314Z] <<< [apiv2][body] GET https://firebase.googleapis.com/v1beta1/projects [omitted]
[info] i  Using project naocreport (naocReport) 
[info] 
=== Firestore Setup
[debug] [2022-09-17T23:57:49.133Z] >>> [apiv2][query] GET https://serviceusage.googleapis.com/v1/projects/naocreport/services/firestore.googleapis.com [none]
[debug] [2022-09-17T23:57:50.614Z] <<< [apiv2][status] GET https://serviceusage.googleapis.com/v1/projects/naocreport/services/firestore.googleapis.com 200
[debug] [2022-09-17T23:57:50.615Z] <<< [apiv2][body] GET https://serviceusage.googleapis.com/v1/projects/naocreport/services/firestore.googleapis.com [omitted]
[debug] [2022-09-17T23:57:50.616Z] >>> [apiv2][query] GET https://appengine.googleapis.com/v1/apps/naocreport [none]
[debug] [2022-09-17T23:57:51.226Z] <<< [apiv2][status] GET https://appengine.googleapis.com/v1/apps/naocreport 200
[debug] [2022-09-17T23:57:51.227Z] <<< [apiv2][body] GET https://appengine.googleapis.com/v1/apps/naocreport {"name":"apps/naocreport","id":"naocreport","authDomain":"gmail.com","locationId":"us-central","codeBucket":"staging.naocreport.appspot.com","servingStatus":"SERVING","defaultHostname":"naocreport.uc.r.appspot.com","defaultBucket":"naocreport.appspot.com","serviceAccount":"naocreport@appspot.gserviceaccount.com","gcrDomain":"us.gcr.io","databaseType":"CLOUD_FIRESTORE","featureSettings":{"splitHealthChecks":true,"useContainerOptimizedOs":true}}
[debug] [2022-09-17T23:57:51.227Z] database_type: CLOUD_FIRESTORE
[debug] [2022-09-17T23:57:51.229Z] > command requires scopes: ["email","openid","https://www.googleapis.com/auth/cloudplatformprojects.readonly","https://www.googleapis.com/auth/firebase","https://www.googleapis.com/auth/cloud-platform"]
[debug] [2022-09-17T23:57:51.230Z] > authorizing via signed-in user (naoc.trungtam@gmail.com)
[debug] [2022-09-17T23:57:51.230Z] [iam] checking project naocreport for permissions ["firebase.projects.get"]
[debug] [2022-09-17T23:57:51.231Z] >>> [apiv2][query] POST https://cloudresourcemanager.googleapis.com/v1/projects/naocreport:testIamPermissions [none]
[debug] [2022-09-17T23:57:51.232Z] >>> [apiv2][body] POST https://cloudresourcemanager.googleapis.com/v1/projects/naocreport:testIamPermissions {"permissions":["firebase.projects.get"]}
[debug] [2022-09-17T23:57:52.266Z] <<< [apiv2][status] POST https://cloudresourcemanager.googleapis.com/v1/projects/naocreport:testIamPermissions 200
[debug] [2022-09-17T23:57:52.266Z] <<< [apiv2][body] POST https://cloudresourcemanager.googleapis.com/v1/projects/naocreport:testIamPermissions {"permissions":["firebase.projects.get"]}
[info] 
[info] Firestore Security Rules allow you to define how and when to allow
[info] requests. You can keep these rules in your project directory
[info] and publish them with firebase deploy.
[info] 
[debug] [2022-09-17T23:57:55.808Z] >>> [apiv2][query] GET https://firebaserules.googleapis.com/v1/projects/naocreport/releases pageSize=10&pageToken=
[debug] [2022-09-17T23:57:57.057Z] <<< [apiv2][status] GET https://firebaserules.googleapis.com/v1/projects/naocreport/releases 200
[debug] [2022-09-17T23:57:57.058Z] <<< [apiv2][body] GET https://firebaserules.googleapis.com/v1/projects/naocreport/releases {"releases":[{"name":"projects/naocreport/releases/cloud.firestore","rulesetName":"projects/naocreport/rulesets/5a0a9030-6a2c-4660-9d99-fa8b250158f6","createTime":"2022-09-17T23:56:44.534282Z","updateTime":"2022-09-17T23:56:44.534282Z"}]}
[debug] [2022-09-17T23:57:57.060Z] Found ruleset: projects/naocreport/rulesets/5a0a9030-6a2c-4660-9d99-fa8b250158f6
[debug] [2022-09-17T23:57:57.061Z] >>> [apiv2][query] GET https://firebaserules.googleapis.com/v1/projects/naocreport/rulesets/5a0a9030-6a2c-4660-9d99-fa8b250158f6 [none]
[debug] [2022-09-17T23:57:58.285Z] <<< [apiv2][status] GET https://firebaserules.googleapis.com/v1/projects/naocreport/rulesets/5a0a9030-6a2c-4660-9d99-fa8b250158f6 200
[debug] [2022-09-17T23:57:58.285Z] <<< [apiv2][body] GET https://firebaserules.googleapis.com/v1/projects/naocreport/rulesets/5a0a9030-6a2c-4660-9d99-fa8b250158f6 [omitted]
[info] 
[info] Firestore indexes allow you to perform complex queries while
[info] maintaining performance that scales with the size of the result
[info] set. You can keep index definitions in your project directory
[info] and publish them with firebase deploy.
[info] 
[debug] [2022-09-17T23:58:04.345Z] >>> [apiv2][query] GET https://firestore.googleapis.com/v1/projects/naocreport/databases/(default)/collectionGroups/-/indexes [none]
[debug] [2022-09-17T23:58:04.348Z] >>> [apiv2][query] GET https://firestore.googleapis.com/v1/projects/naocreport/databases/(default)/collectionGroups/-/fields?filter=indexConfig.usesAncestorConfig=false [none]
[debug] [2022-09-17T23:58:05.704Z] <<< [apiv2][status] GET https://firestore.googleapis.com/v1/projects/naocreport/databases/(default)/collectionGroups/-/indexes 200
[debug] [2022-09-17T23:58:05.704Z] <<< [apiv2][body] GET https://firestore.googleapis.com/v1/projects/naocreport/databases/(default)/collectionGroups/-/indexes {}
[debug] [2022-09-17T23:58:06.426Z] <<< [apiv2][status] GET https://firestore.googleapis.com/v1/projects/naocreport/databases/(default)/collectionGroups/-/fields?filter=indexConfig.usesAncestorConfig=false 200
[debug] [2022-09-17T23:58:06.427Z] <<< [apiv2][body] GET https://firestore.googleapis.com/v1/projects/naocreport/databases/(default)/collectionGroups/-/fields?filter=indexConfig.usesAncestorConfig=false {"fields":[{"name":"projects/naocreport/databases/(default)/collectionGroups/__default__/fields/*","indexConfig":{"indexes":[{"queryScope":"COLLECTION","fields":[{"fieldPath":"*","order":"ASCENDING"}],"state":"READY"},{"queryScope":"COLLECTION","fields":[{"fieldPath":"*","order":"DESCENDING"}],"state":"READY"},{"queryScope":"COLLECTION","fields":[{"fieldPath":"*","arrayConfig":"CONTAINS"}],"state":"READY"}]}}]}
[info] 
=== Hosting Setup
[info] 
[info] Your public directory is the folder (relative to your project directory) that
[info] will contain Hosting assets to be uploaded with firebase deploy. If you
[info] have a build process for your assets, use your build's output directory.
[info] 
[info] +  Wrote public/404.html 
[debug] [2022-09-17T23:58:27.750Z] >>> [apiv2][query] GET https://www.gstatic.com/firebasejs/releases.json [none]
[debug] [2022-09-17T23:58:27.946Z] <<< [apiv2][status] GET https://www.gstatic.com/firebasejs/releases.json 200
[debug] [2022-09-17T23:58:27.946Z] <<< [apiv2][body] GET https://www.gstatic.com/firebasejs/releases.json {"current":{"version":"9.10.0","browserURL":"https://www.gstatic.com/firebasejs/9.10.0/firebase.js","packageURL":"https://www.gstatic.com/firebasejs/9.10.0/firebase.tgz"},"live":{"version":"9.10","browserURL":"https://www.gstatic.com/firebasejs/live/9.10/firebase.js","packageURL":"https://www.gstatic.com/firebasejs/live/9.10/firebase.tgz"},"components":{"analytics":"https://www.gstatic.com/firebasejs/9.10.0/firebase-analytics.js","app":"https://www.gstatic.com/firebasejs/9.10.0/firebase-app.js","app-check":"https://www.gstatic.com/firebasejs/9.10.0/firebase-app-check.js","auth":"https://www.gstatic.com/firebasejs/9.10.0/firebase-auth.js","auth/cordova":"https://www.gstatic.com/firebasejs/9.10.0/firebase-auth/cordova.js","auth/react-native":"https://www.gstatic.com/firebasejs/9.10.0/firebase-auth/react-native.js","functions":"https://www.gstatic.com/firebasejs/9.10.0/firebase-functions.js","firestore":"https://www.gstatic.com/firebasejs/9.10.0/firebase-firestore.js","firestore/lite":"https://www.gstatic.com/firebasejs/9.10.0/firebase-firestore/lite.js","installations":"https://www.gstatic.com/firebasejs/9.10.0/firebase-installations.js","storage":"https://www.gstatic.com/firebasejs/9.10.0/firebase-storage.js","performance":"https://www.gstatic.com/firebasejs/9.10.0/firebase-performance.js","remote-config":"https://www.gstatic.com/firebasejs/9.10.0/firebase-remote-config.js","messaging":"https://www.gstatic.com/firebasejs/9.10.0/firebase-messaging.js","messaging/sw":"https://www.gstatic.com/firebasejs/9.10.0/firebase-messaging/sw.js","database":"https://www.gstatic.com/firebasejs/9.10.0/firebase-database.js","firestore.memory":"https://www.gstatic.com/firebasejs/9.10.0/firebase-firestore.memory.js"}}
[info] +  Wrote public/index.html 
[info] 
[info] i  Detected a .git folder at D:\GitHub\NaocReport 
[info] i  Authorizing with GitHub to upload your service account to a GitHub repository's secrets store. 
[info] 
[info] Visit this URL on this device to log in:
[info] https://github.com/login/oauth/authorize?client_id=89cf50f02ac6aaed3484&state=201238772&redirect_uri=http%3A%2F%2Flocalhost%3A9005&scope=read%3Auser%20repo%20public_repo
[info] 
[info] Waiting for authentication...
[debug] [2022-09-17T23:58:33.669Z] >>> HTTP REQUEST POST https://github.com/login/oauth/access_token  
 {"client_id":"89cf50f02ac6aaed3484","client_secret":"3330d14abc895d9a74d5f17cd7a00711fa2c5bf0","code":"d2c8bc8033ff31829316","redirect_uri":"http://localhost:9005","state":"201238772"}
[debug] [2022-09-17T23:58:34.226Z] <<< HTTP RESPONSE 200 {"server":"GitHub.com","date":"Sat, 17 Sep 2022 23:58:33 GMT","content-type":"application/json; charset=utf-8","transfer-encoding":"chunked","vary":"X-PJAX, X-PJAX-Container, Turbo-Visit, Turbo-Frame, Accept-Encoding, Accept, X-Requested-With","etag":"W/\"508e08b7e648564a5b9e75b7d2e0c226\"","cache-control":"max-age=0, private, must-revalidate","strict-transport-security":"max-age=31536000; includeSubdomains; preload","x-frame-options":"deny","x-content-type-options":"nosniff","x-xss-protection":"0","referrer-policy":"origin-when-cross-origin, strict-origin-when-cross-origin","expect-ct":"max-age=2592000, report-uri=\"https://api.github.com/_private/browser/errors\"","content-security-policy":"default-src 'none'; base-uri 'self'; block-all-mixed-content; child-src github.com/assets-cdn/worker/ gist.github.com/assets-cdn/worker/; connect-src 'self' uploads.github.com objects-origin.githubusercontent.com www.githubstatus.com collector.github.com raw.githubusercontent.com api.github.com github-cloud.s3.amazonaws.com github-production-repository-file-5c1aeb.s3.amazonaws.com github-production-upload-manifest-file-7fdce7.s3.amazonaws.com github-production-user-asset-6210df.s3.amazonaws.com cdn.optimizely.com logx.optimizely.com/v1/events *.actions.githubusercontent.com wss://*.actions.githubusercontent.com online.visualstudio.com/api/v1/locations github-production-repository-image-32fea6.s3.amazonaws.com github-production-release-asset-2e65be.s3.amazonaws.com insights.github.com wss://alive.github.com; font-src github.githubassets.com; form-action 'self' github.com gist.github.com objects-origin.githubusercontent.com; frame-ancestors 'none'; frame-src render.githubusercontent.com viewscreen.githubusercontent.com notebooks.githubusercontent.com; img-src 'self' data: github.githubassets.com identicons.github.com github-cloud.s3.amazonaws.com secured-user-images.githubusercontent.com/ github-production-user-asset-6210df.s3.amazonaws.com customer-stories-feed.github.com spotlights-feed.github.com *.githubusercontent.com; manifest-src 'self'; media-src github.com user-images.githubusercontent.com/ secured-user-images.githubusercontent.com/; script-src github.githubassets.com; style-src 'unsafe-inline' github.githubassets.com; worker-src github.com/assets-cdn/worker/ gist.github.com/assets-cdn/worker/","x-github-request-id":"EE2C:42DE:A7BDAC:BB616E:63265F29"}
[debug] [2022-09-17T23:58:34.268Z] >>> [apiv2][query] GET https://api.github.com/user [none]
[debug] [2022-09-17T23:58:34.780Z] <<< [apiv2][status] GET https://api.github.com/user 200
[debug] [2022-09-17T23:58:34.781Z] <<< [apiv2][body] GET https://api.github.com/user {"login":"marine1213","id":5154431,"node_id":"MDQ6VXNlcjUxNTQ0MzE=","avatar_url":"https://avatars.githubusercontent.com/u/5154431?v=4","gravatar_id":"","url":"https://api.github.com/users/marine1213","html_url":"https://github.com/marine1213","followers_url":"https://api.github.com/users/marine1213/followers","following_url":"https://api.github.com/users/marine1213/following{/other_user}","gists_url":"https://api.github.com/users/marine1213/gists{/gist_id}","starred_url":"https://api.github.com/users/marine1213/starred{/owner}{/repo}","subscriptions_url":"https://api.github.com/users/marine1213/subscriptions","organizations_url":"https://api.github.com/users/marine1213/orgs","repos_url":"https://api.github.com/users/marine1213/repos","events_url":"https://api.github.com/users/marine1213/events{/privacy}","received_events_url":"https://api.github.com/users/marine1213/received_events","type":"User","site_admin":false,"name":null,"company":null,"blog":"","location":null,"email":null,"hireable":null,"bio":null,"twitter_username":null,"public_repos":15,"public_gists":0,"followers":1,"following":1,"created_at":"2013-08-03T12:05:15Z","updated_at":"2022-09-17T23:58:32Z","private_gists":0,"total_private_repos":7,"owned_private_repos":7,"disk_usage":229013,"collaborators":0,"two_factor_authentication":false,"plan":{"name":"free","space":976562499,"collaborators":0,"private_repos":10000}}
[info] 
[info] +  Success! Logged into GitHub as marine1213 
[info] 
[debug] [2022-09-17T23:59:10.597Z] >>> [apiv2][query] GET https://api.github.com/repos/marine1213/NaocReport/actions/secrets/public-key type=owner
[debug] [2022-09-17T23:59:11.082Z] <<< [apiv2][status] GET https://api.github.com/repos/marine1213/NaocReport/actions/secrets/public-key 404
[debug] [2022-09-17T23:59:11.082Z] <<< [apiv2][body] GET https://api.github.com/repos/marine1213/NaocReport/actions/secrets/public-key {"message":"Not Found","documentation_url":"https://docs.github.com/rest/reference/actions#get-a-repository-public-key"}
[debug] [2022-09-17T23:59:13.365Z] >>> [apiv2][query] GET https://api.github.com/repos/marine1213/NaocReport/actions/secrets/public-key type=owner
[debug] [2022-09-17T23:59:13.855Z] <<< [apiv2][status] GET https://api.github.com/repos/marine1213/NaocReport/actions/secrets/public-key 404
[debug] [2022-09-17T23:59:13.855Z] <<< [apiv2][body] GET https://api.github.com/repos/marine1213/NaocReport/actions/secrets/public-key {"message":"Not Found","documentation_url":"https://docs.github.com/rest/reference/actions#get-a-repository-public-key"}
[debug] [2022-09-17T23:59:15.043Z] >>> [apiv2][query] GET https://api.github.com/repos/marine1213/NaocReport/actions/secrets/public-key type=owner
[debug] [2022-09-17T23:59:15.537Z] <<< [apiv2][status] GET https://api.github.com/repos/marine1213/NaocReport/actions/secrets/public-key 404
[debug] [2022-09-17T23:59:15.538Z] <<< [apiv2][body] GET https://api.github.com/repos/marine1213/NaocReport/actions/secrets/public-key {"message":"Not Found","documentation_url":"https://docs.github.com/rest/reference/actions#get-a-repository-public-key"}
[debug] [2022-09-17T23:59:25.531Z] >>> [apiv2][query] GET https://api.github.com/repos/marine1213/NaocReport/actions/secrets/public-key type=owner
[debug] [2022-09-17T23:59:26.807Z] <<< [apiv2][status] GET https://api.github.com/repos/marine1213/NaocReport/actions/secrets/public-key 404
[debug] [2022-09-17T23:59:26.807Z] <<< [apiv2][body] GET https://api.github.com/repos/marine1213/NaocReport/actions/secrets/public-key {"message":"Not Found","documentation_url":"https://docs.github.com/rest/reference/actions#get-a-repository-public-key"}
[debug] [2022-09-17T23:59:28.404Z] >>> [apiv2][query] GET https://api.github.com/repos/marine1213/NaocReport/actions/secrets/public-key type=owner
[debug] [2022-09-17T23:59:28.987Z] <<< [apiv2][status] GET https://api.github.com/repos/marine1213/NaocReport/actions/secrets/public-key 404
[debug] [2022-09-17T23:59:28.987Z] <<< [apiv2][body] GET https://api.github.com/repos/marine1213/NaocReport/actions/secrets/public-key {"message":"Not Found","documentation_url":"https://docs.github.com/rest/reference/actions#get-a-repository-public-key"}
[debug] [2022-09-17T23:59:30.081Z] >>> [apiv2][query] GET https://api.github.com/repos/marine1213/NaocRepor/actions/secrets/public-key type=owner
[debug] [2022-09-17T23:59:30.610Z] <<< [apiv2][status] GET https://api.github.com/repos/marine1213/NaocRepor/actions/secrets/public-key 404
[debug] [2022-09-17T23:59:30.610Z] <<< [apiv2][body] GET https://api.github.com/repos/marine1213/NaocRepor/actions/secrets/public-key {"message":"Not Found","documentation_url":"https://docs.github.com/rest/reference/actions#get-a-repository-public-key"}
[debug] [2022-09-17T23:59:32.578Z] >>> [apiv2][query] GET https://api.github.com/repos/marine1213/NaocReport/actions/secrets/public-key type=owner
[debug] [2022-09-17T23:59:33.176Z] <<< [apiv2][status] GET https://api.github.com/repos/marine1213/NaocReport/actions/secrets/public-key 404
[debug] [2022-09-17T23:59:33.177Z] <<< [apiv2][body] GET https://api.github.com/repos/marine1213/NaocReport/actions/secrets/public-key {"message":"Not Found","documentation_url":"https://docs.github.com/rest/reference/actions#get-a-repository-public-key"}
[debug] [2022-09-17T23:59:44.622Z] >>> [apiv2][query] GET https://api.github.com/repos/NaocReport/actions/secrets/public-key type=owner
[debug] [2022-09-17T23:59:45.222Z] <<< [apiv2][status] GET https://api.github.com/repos/NaocReport/actions/secrets/public-key 404
[debug] [2022-09-17T23:59:45.223Z] <<< [apiv2][body] GET https://api.github.com/repos/NaocReport/actions/secrets/public-key {"message":"Not Found","documentation_url":"https://docs.github.com/rest"}
[debug] [2022-09-17T23:59:46.165Z] >>> [apiv2][query] GET https://api.github.com/repos/NaocReport/actions/secrets/public-key type=owner
[debug] [2022-09-17T23:59:46.644Z] <<< [apiv2][status] GET https://api.github.com/repos/NaocReport/actions/secrets/public-key 404
[debug] [2022-09-17T23:59:46.644Z] <<< [apiv2][body] GET https://api.github.com/repos/NaocReport/actions/secrets/public-key {"message":"Not Found","documentation_url":"https://docs.github.com/rest"}
[debug] [2022-09-17T23:59:48.351Z] >>> [apiv2][query] GET https://api.github.com/repos/NaocRepor/actions/secrets/public-key type=owner
[debug] [2022-09-17T23:59:48.834Z] <<< [apiv2][status] GET https://api.github.com/repos/NaocRepor/actions/secrets/public-key 404
[debug] [2022-09-17T23:59:48.834Z] <<< [apiv2][body] GET https://api.github.com/repos/NaocRepor/actions/secrets/public-key {"message":"Not Found","documentation_url":"https://docs.github.com/rest"}
[debug] [2022-09-17T23:59:49.661Z] >>> [apiv2][query] GET https://api.github.com/repos/NaocRepo/actions/secrets/public-key type=owner
[debug] [2022-09-17T23:59:50.150Z] <<< [apiv2][status] GET https://api.github.com/repos/NaocRepo/actions/secrets/public-key 404
[debug] [2022-09-17T23:59:50.151Z] <<< [apiv2][body] GET https://api.github.com/repos/NaocRepo/actions/secrets/public-key {"message":"Not Found","documentation_url":"https://docs.github.com/rest"}
[debug] [2022-09-17T23:59:51.350Z] >>> [apiv2][query] GET https://api.github.com/repos/NaocR/actions/secrets/public-key type=owner
[debug] [2022-09-17T23:59:51.833Z] <<< [apiv2][status] GET https://api.github.com/repos/NaocR/actions/secrets/public-key 404
[debug] [2022-09-17T23:59:51.834Z] <<< [apiv2][body] GET https://api.github.com/repos/NaocR/actions/secrets/public-key {"message":"Not Found","documentation_url":"https://docs.github.com/rest"}
[debug] [2022-09-17T23:59:53.145Z] >>> [apiv2][query] GET https://api.github.com/repos/Naoc/actions/secrets/public-key type=owner
[debug] [2022-09-17T23:59:53.760Z] <<< [apiv2][status] GET https://api.github.com/repos/Naoc/actions/secrets/public-key 404
[debug] [2022-09-17T23:59:53.761Z] <<< [apiv2][body] GET https://api.github.com/repos/Naoc/actions/secrets/public-key {"message":"Not Found","documentation_url":"https://docs.github.com/rest"}
